#
# A fatal error has been detected by the Java Runtime Environment:
#
#  EXCEPTION_ACCESS_VIOLATION (0xc0000005) at pc=0x00007fffcbb29b5b, pid=9332, tid=4380
#
# JRE version: Java(TM) SE Runtime Environment (13.0.1+9) (build 13.0.1+9)
# Java VM: Java HotSpot(TM) 64-Bit Server VM (13.0.1+9, mixed mode, sharing, tiered, compressed oops, g1 gc, windows-amd64)
# Problematic frame:
# V  [jvm.dll+0x6a9b5b]
#
# No core dump will be written. Minidumps are not enabled by default on client versions of Windows
#
# If you would like to submit a bug report, please visit:
#   http://bugreport.java.com/bugreport/crash.jsp
#

---------------  S U M M A R Y ------------

Command Line: -agentlib:jdwp=transport=dt_socket,suspend=y,address=localhost:50189 -ea -Dfile.encoding=Cp1252 org.testng.remote.RemoteTestNG -serport 50188 -protocol json -d D:\QA Kurs\radoviEclipse\ITBootCampProjekat\test-output C:\Users\Irena\AppData\Local\Temp\testng-eclipse--1913812608\testng-customsuite.xml

Host: Intel(R) Core(TM) i7-3517U CPU @ 1.90GHz, 4 cores, 7G,  Windows 8.1 , 64 bit Build 9600 (6.3.9600.19538)
Time: Tue Dec 24 21:14:46 2019 Central Europe Standard Time elapsed time: 84 seconds (0d 0h 1m 24s)

---------------  T H R E A D  ---------------

Current thread (0x0000007f76d00000):  JavaThread "JDWP Transport Listener: dt_socket" daemon [_thread_in_vm, id=4380, stack(0x0000007f77910000,0x0000007f77a10000)] _threads_hazard_ptr=0x0000007f7869f6f0

Stack: [0x0000007f77910000,0x0000007f77a10000],  sp=0x0000007f77a0e520,  free space=1017k
Native frames: (J=compiled Java code, j=interpreted, Vv=VM code, C=native code)
V  [jvm.dll+0x6a9b5b]
V  [jvm.dll+0x331b03]
V  [jvm.dll+0x33384d]
V  [jvm.dll+0x3340ee]
V  [jvm.dll+0x33195c]
V  [jvm.dll+0x330b92]
V  [jvm.dll+0x6160a5]
V  [jvm.dll+0x615e2d]
V  [jvm.dll+0x5df993]
V  [jvm.dll+0x76a37f]
V  [jvm.dll+0x4f8226]
V  [jvm.dll+0x77963d]
V  [jvm.dll+0x4de2fe]
V  [jvm.dll+0x4a2b10]
C  [jdwp.dll+0x751f]


siginfo: EXCEPTION_ACCESS_VIOLATION (0xc0000005), reading address 0xffffffffffffffff


Register to memory mapping:

RIP=0x00007fffcbb29b5b jvm.dll
RAX=0x0000007f77a0e5b0 is pointing into the stack for thread: 0x0000007f76d00000
RBX=0x0000007f77a0e580 is pointing into the stack for thread: 0x0000007f76d00000
RCX=0x0 is NULL
RDX=0x2c000ccb2a592901 is an unknown value
RSP=0x0000007f77a0e520 is pointing into the stack for thread: 0x0000007f76d00000
RBP=0x0000007f77a0eac0 is pointing into the stack for thread: 0x0000007f76d00000
RSI=0x0 is NULL
RDI=0x2c000ccb2a592901 is an unknown value
R8 =0x0 is NULL
R9 =0x0000007f7661cec8 is pointing into metadata
R10=0x00007fffcb480000 jvm.dll
R11={method} {0x0000007f7661d400} 'f' '()V' in 'page/tests/HomePageNG'
R12=0x0000007f78667880 points into unknown readable memory: 00 e4 47 82 00 00 00 00
R13=0x0 is NULL
R14=0x0000007f7661d38e is pointing into metadata
R15=0x0000000000000046 is an unknown value


Registers:
RAX=0x0000007f77a0e5b0, RBX=0x0000007f77a0e580, RCX=0x0000000000000000, RDX=0x2c000ccb2a592901
RSP=0x0000007f77a0e520, RBP=0x0000007f77a0eac0, RSI=0x0000000000000000, RDI=0x2c000ccb2a592901
R8 =0x0000000000000000, R9 =0x0000007f7661cec8, R10=0x00007fffcb480000, R11=0x0000007f7661d3f8
R12=0x0000007f78667880, R13=0x0000000000000000, R14=0x0000007f7661d38e, R15=0x0000000000000046
RIP=0x00007fffcbb29b5b, EFLAGS=0x0000000000010246

Top of Stack: (sp=0x0000007f77a0e520)
0x0000007f77a0e520:   0000007f77a0e580 0000000000000000
0x0000007f77a0e530:   0000000000000000 0000000000000000
0x0000007f77a0e540:   0000000000000000 00007fffcb7b1b03
0x0000007f77a0e550:   0000000000000000 0000007f77a0ec30
0x0000007f77a0e560:   0000000000000000 0000000000000000
0x0000007f77a0e570:   0000000000000000 0000000000000000
0x0000007f77a0e580:   00007fffcbd04290 2c000ccb2a592901
0x0000007f77a0e590:   0000000000000000 000000000000000e
0x0000007f77a0e5a0:   0000007f77a0e5b0 0000000000000000
0x0000007f77a0e5b0:   0000000000000000 0000000000000000
0x0000007f77a0e5c0:   000000004fffffff 0000000000000000
0x0000007f77a0e5d0:   0000000000000000 0000000000000000
0x0000007f77a0e5e0:   0000000000000000 0000000000000000
0x0000007f77a0e5f0:   0000000000000000 0000000000000000
0x0000007f77a0e600:   0000000000000000 0000000000000000
0x0000007f77a0e610:   0000000000000000 0000000000000000 

Instructions: (pc=0x00007fffcbb29b5b)
0x00007fffcbb29a5b:   48 8b cb ff 50 30 ff 43 14 48 c1 ef 04 eb 86 48
0x00007fffcbb29a6b:   8b 03 45 33 c0 33 d2 48 8b cb ff 50 48 ff 43 14
0x00007fffcbb29a7b:   48 c1 ef 04 e9 6c ff ff ff 48 8b 03 48 8b cb ff
0x00007fffcbb29a8b:   50 38 83 43 14 02 48 c1 ef 04 e9 56 ff ff ff 48
0x00007fffcbb29a9b:   8b 03 48 8b cb ff 50 10 ff 43 14 48 c1 ef 04 e9
0x00007fffcbb29aab:   41 ff ff ff 48 8b 03 48 8b cb ff 50 18 83 43 14
0x00007fffcbb29abb:   02 48 c1 ef 04 e9 2b ff ff ff 48 8b 0d c4 06 3f
0x00007fffcbb29acb:   00 48 8d 15 ed ae 22 00 e8 38 f4 f7 ff 48 8b 0d
0x00007fffcbb29adb:   b1 06 3f 00 48 8d 15 f2 ae 22 00 4c 8b c6 e8 22
0x00007fffcbb29aeb:   f4 f7 ff ba c2 00 00 00 48 8d 0d 66 ae 22 00 e8
0x00007fffcbb29afb:   21 3e ba ff e8 1c cf f7 ff 48 c1 ef 04 e9 e3 fe
0x00007fffcbb29b0b:   ff ff 0f 1f 00 11 9a 6a 00 22 9a 6a 00 34 9a 6a
0x00007fffcbb29b1b:   00 46 9a 6a 00 58 9a 6a 00 84 9a 6a 00 9a 9a 6a
0x00007fffcbb29b2b:   00 af 9a 6a 00 6a 9a 6a 00 c8 99 6a 00 cc cc cc
0x00007fffcbb29b3b:   cc cc cc cc cc 40 53 48 83 ec 20 c7 41 10 00 00
0x00007fffcbb29b4b:   00 00 48 8b d9 48 89 7c 24 38 48 8b 79 08 33 c9
0x00007fffcbb29b5b:   80 7f 06 28 74 26 44 8d 49 28 8d 51 36 48 8d 0d
0x00007fffcbb29b6b:   f1 ad 22 00 4c 8d 05 da ad 22 00 e8 25 3c ba ff
0x00007fffcbb29b7b:   e8 a0 ce f7 ff 8b 4b 10 48 8b 7b 08 8d 41 01 48
0x00007fffcbb29b8b:   63 c9 89 43 10 80 7c 39 07 29 0f 84 d3 00 00 00
0x00007fffcbb29b9b:   48 89 74 24 30 44 8b c0 48 8d 35 56 64 95 ff 66
0x00007fffcbb29bab:   0f 1f 44 00 00 49 63 c8 0f be 54 39 06 83 c2 be
0x00007fffcbb29bbb:   83 fa 19 77 7b 48 63 ca 0f b6 8c 0e 1c 9d 6a 00
0x00007fffcbb29bcb:   8b 94 8e 0c 9d 6a 00 48 03 d6 ff e2 41 8d 40 01
0x00007fffcbb29bdb:   89 43 10 eb 74 48 63 c8 ff c0 89 43 10 44 8b c0
0x00007fffcbb29beb:   80 7c 39 06 3b 75 ee eb 63 0f 1f 40 00 0f 1f 84
0x00007fffcbb29bfb:   00 00 00 00 00 ff c0 48 63 c8 89 43 10 0f b6 54
0x00007fffcbb29c0b:   39 06 80 fa 5b 74 ee 80 fa 4c 75 1d 66 0f 1f 84
0x00007fffcbb29c1b:   00 00 00 00 00 48 63 c8 ff c0 89 43 10 44 8b c0
0x00007fffcbb29c2b:   80 7c 39 06 3b 75 ee eb 23 ff c0 89 43 10 eb 19
0x00007fffcbb29c3b:   ba f1 00 00 00 48 8d 0d 19 ad 22 00 e8 d4 3c ba
0x00007fffcbb29c4b:   ff e8 cf cd f7 ff 8b 43 10 44 8b c0 49 63 c8 80 


Stack slot to memory mapping:
stack at sp + 0 slots: 0x0000007f77a0e580 is pointing into the stack for thread: 0x0000007f76d00000
stack at sp + 1 slots: 0x0 is NULL
stack at sp + 2 slots: 0x0 is NULL
stack at sp + 3 slots: 0x0 is NULL
stack at sp + 4 slots: 0x0 is NULL
stack at sp + 5 slots: 0x00007fffcb7b1b03 jvm.dll
stack at sp + 6 slots: 0x0 is NULL
stack at sp + 7 slots: 0x0000007f77a0ec30 is pointing into the stack for thread: 0x0000007f76d00000


---------------  P R O C E S S  ---------------

Threads class SMR info:
_java_thread_list=0x0000007f7869f6f0, length=14, elements={
0x0000007f57766800, 0x0000007f75f4c800, 0x0000007f75f4e000, 0x0000007f76b67800,
0x0000007f76b6a800, 0x0000007f76b6d000, 0x0000007f76b7b000, 0x0000007f76b70800,
0x0000007f76d00000, 0x0000007f76d01800, 0x0000007f76d14000, 0x0000007f76d19000,
0x0000007f76d23800, 0x0000007f77fe5000
}

Java Threads: ( => current thread )
  0x0000007f57766800 JavaThread "main" [_thread_blocked, id=11308, stack(0x0000007f56e10000,0x0000007f56f10000)]
  0x0000007f75f4c800 JavaThread "Reference Handler" daemon [_thread_blocked, id=9956, stack(0x0000007f76a50000,0x0000007f76b50000)]
  0x0000007f75f4e000 JavaThread "Finalizer" daemon [_thread_blocked, id=11688, stack(0x0000007f76f50000,0x0000007f77050000)]
  0x0000007f76b67800 JavaThread "Signal Dispatcher" daemon [_thread_blocked, id=11948, stack(0x0000007f77130000,0x0000007f77230000)]
  0x0000007f76b6a800 JavaThread "Attach Listener" daemon [_thread_blocked, id=8204, stack(0x0000007f77230000,0x0000007f77330000)]
  0x0000007f76b6d000 JavaThread "C2 CompilerThread0" daemon [_thread_blocked, id=5976, stack(0x0000007f77330000,0x0000007f77430000)]
  0x0000007f76b7b000 JavaThread "C1 CompilerThread0" daemon [_thread_blocked, id=7788, stack(0x0000007f77430000,0x0000007f77530000)]
  0x0000007f76b70800 JavaThread "Sweeper thread" daemon [_thread_blocked, id=11108, stack(0x0000007f77530000,0x0000007f77630000)]
=>0x0000007f76d00000 JavaThread "JDWP Transport Listener: dt_socket" daemon [_thread_in_vm, id=4380, stack(0x0000007f77910000,0x0000007f77a10000)]
  0x0000007f76d01800 JavaThread "JDWP Event Helper Thread" daemon [_thread_blocked, id=9080, stack(0x0000007f77a10000,0x0000007f77b10000)]
  0x0000007f76d14000 JavaThread "JDWP Command Reader" daemon [_thread_in_native, id=7144, stack(0x0000007f77b10000,0x0000007f77c10000)]
  0x0000007f76d19000 JavaThread "Service Thread" daemon [_thread_blocked, id=10180, stack(0x0000007f77c10000,0x0000007f77d10000)]
  0x0000007f76d23800 JavaThread "Common-Cleaner" daemon [_thread_blocked, id=10648, stack(0x0000007f77e10000,0x0000007f77f10000)]
  0x0000007f77fe5000 JavaThread "ReaderThread" [_thread_in_native, id=11896, stack(0x0000007f78910000,0x0000007f78a10000)]

Other Threads:
  0x0000007f75f47800 VMThread "VM Thread" [stack: 0x0000007f76950000,0x0000007f76a50000] [id=9664]
  0x0000007f76d16800 WatcherThread [stack: 0x0000007f77d10000,0x0000007f77e10000] [id=8440]
  0x0000007f577a9000 GCTaskThread "GC Thread#0" [stack: 0x0000007f575a0000,0x0000007f576a0000] [id=6836]
  0x0000007f7870e800 GCTaskThread "GC Thread#1" [stack: 0x0000007f78710000,0x0000007f78810000] [id=12056]
  0x0000007f781a4000 GCTaskThread "GC Thread#2" [stack: 0x0000007f799e0000,0x0000007f79ae0000] [id=12136]
  0x0000007f781a5000 GCTaskThread "GC Thread#3" [stack: 0x0000007f79ae0000,0x0000007f79be0000] [id=11672]
  0x0000007f577bb000 ConcurrentGCThread "G1 Main Marker" [stack: 0x0000007f73710000,0x0000007f73810000] [id=11176]
  0x0000007f577bd800 ConcurrentGCThread "G1 Conc#0" [stack: 0x0000007f73810000,0x0000007f73910000] [id=12076]
  0x0000007f75dc4000 ConcurrentGCThread "G1 Refine#0" [stack: 0x0000007f75f50000,0x0000007f76050000] [id=8368]
  0x0000007f75dc6800 ConcurrentGCThread "G1 Young RemSet Sampling" [stack: 0x0000007f76050000,0x0000007f76150000] [id=2620]

Threads with active compile tasks:

VM state:not at safepoint (normal execution)

VM Mutex/Monitor currently owned by a thread: None

Heap address: 0x0000000082200000, size: 2014 MB, Compressed Oops mode: 32-bit
Narrow klass base: 0x0000000800000000, Narrow klass shift: 3
Compressed class space size: 1073741824 Address: 0x0000000800b40000

Heap:
 garbage-first heap   total 129024K, used 9253K [0x0000000082200000, 0x0000000100000000)
  region size 1024K, 7 young (7168K), 2 survivors (2048K)
 Metaspace       used 6784K, capacity 7501K, committed 7808K, reserved 1056768K
  class space    used 740K, capacity 819K, committed 896K, reserved 1048576K
Heap Regions: E=young(eden), S=young(survivor), O=old, HS=humongous(starts), HC=humongous(continues), CS=collection set, F=free, A=archive, TAMS=top-at-mark-start (previous, next)
|   0|0x0000000082200000, 0x0000000082300000, 0x0000000082300000|100%|HS|  |TAMS 0x0000000082200000, 0x0000000082200000| Complete 
|   1|0x0000000082300000, 0x0000000082400000, 0x0000000082400000|100%| O|  |TAMS 0x0000000082300000, 0x0000000082300000| Untracked 
|   2|0x0000000082400000, 0x0000000082500000, 0x0000000082500000|100%| O|  |TAMS 0x0000000082400000, 0x0000000082400000| Untracked 
|   3|0x0000000082500000, 0x0000000082509600, 0x0000000082600000|  3%| O|  |TAMS 0x0000000082500000, 0x0000000082500000| Untracked 
|   4|0x0000000082600000, 0x0000000082600000, 0x0000000082700000|  0%| F|  |TAMS 0x0000000082600000, 0x0000000082600000| Untracked 
|   5|0x0000000082700000, 0x0000000082700000, 0x0000000082800000|  0%| F|  |TAMS 0x0000000082700000, 0x0000000082700000| Untracked 
|   6|0x0000000082800000, 0x0000000082800000, 0x0000000082900000|  0%| F|  |TAMS 0x0000000082800000, 0x0000000082800000| Untracked 
|   7|0x0000000082900000, 0x0000000082900000, 0x0000000082a00000|  0%| F|  |TAMS 0x0000000082900000, 0x0000000082900000| Untracked 
|   8|0x0000000082a00000, 0x0000000082a00000, 0x0000000082b00000|  0%| F|  |TAMS 0x0000000082a00000, 0x0000000082a00000| Untracked 
|   9|0x0000000082b00000, 0x0000000082b00000, 0x0000000082c00000|  0%| F|  |TAMS 0x0000000082b00000, 0x0000000082b00000| Untracked 
|  10|0x0000000082c00000, 0x0000000082c00000, 0x0000000082d00000|  0%| F|  |TAMS 0x0000000082c00000, 0x0000000082c00000| Untracked 
|  11|0x0000000082d00000, 0x0000000082d00000, 0x0000000082e00000|  0%| F|  |TAMS 0x0000000082d00000, 0x0000000082d00000| Untracked 
|  12|0x0000000082e00000, 0x0000000082e00000, 0x0000000082f00000|  0%| F|  |TAMS 0x0000000082e00000, 0x0000000082e00000| Untracked 
|  13|0x0000000082f00000, 0x0000000082f00000, 0x0000000083000000|  0%| F|  |TAMS 0x0000000082f00000, 0x0000000082f00000| Untracked 
|  14|0x0000000083000000, 0x0000000083000000, 0x0000000083100000|  0%| F|  |TAMS 0x0000000083000000, 0x0000000083000000| Untracked 
|  15|0x0000000083100000, 0x0000000083100000, 0x0000000083200000|  0%| F|  |TAMS 0x0000000083100000, 0x0000000083100000| Untracked 
|  16|0x0000000083200000, 0x0000000083200000, 0x0000000083300000|  0%| F|  |TAMS 0x0000000083200000, 0x0000000083200000| Untracked 
|  17|0x0000000083300000, 0x0000000083300000, 0x0000000083400000|  0%| F|  |TAMS 0x0000000083300000, 0x0000000083300000| Untracked 
|  18|0x0000000083400000, 0x0000000083400000, 0x0000000083500000|  0%| F|  |TAMS 0x0000000083400000, 0x0000000083400000| Untracked 
|  19|0x0000000083500000, 0x0000000083500000, 0x0000000083600000|  0%| F|  |TAMS 0x0000000083500000, 0x0000000083500000| Untracked 
|  20|0x0000000083600000, 0x0000000083600000, 0x0000000083700000|  0%| F|  |TAMS 0x0000000083600000, 0x0000000083600000| Untracked 
|  21|0x0000000083700000, 0x0000000083700000, 0x0000000083800000|  0%| F|  |TAMS 0x0000000083700000, 0x0000000083700000| Untracked 
|  22|0x0000000083800000, 0x0000000083800000, 0x0000000083900000|  0%| F|  |TAMS 0x0000000083800000, 0x0000000083800000| Untracked 
|  23|0x0000000083900000, 0x0000000083900000, 0x0000000083a00000|  0%| F|  |TAMS 0x0000000083900000, 0x0000000083900000| Untracked 
|  24|0x0000000083a00000, 0x0000000083a00000, 0x0000000083b00000|  0%| F|  |TAMS 0x0000000083a00000, 0x0000000083a00000| Untracked 
|  25|0x0000000083b00000, 0x0000000083b00000, 0x0000000083c00000|  0%| F|  |TAMS 0x0000000083b00000, 0x0000000083b00000| Untracked 
|  26|0x0000000083c00000, 0x0000000083c00000, 0x0000000083d00000|  0%| F|  |TAMS 0x0000000083c00000, 0x0000000083c00000| Untracked 
|  27|0x0000000083d00000, 0x0000000083d00000, 0x0000000083e00000|  0%| F|  |TAMS 0x0000000083d00000, 0x0000000083d00000| Untracked 
|  28|0x0000000083e00000, 0x0000000083e00000, 0x0000000083f00000|  0%| F|  |TAMS 0x0000000083e00000, 0x0000000083e00000| Untracked 
|  29|0x0000000083f00000, 0x0000000083f00000, 0x0000000084000000|  0%| F|  |TAMS 0x0000000083f00000, 0x0000000083f00000| Untracked 
|  30|0x0000000084000000, 0x0000000084000000, 0x0000000084100000|  0%| F|  |TAMS 0x0000000084000000, 0x0000000084000000| Untracked 
|  31|0x0000000084100000, 0x0000000084100000, 0x0000000084200000|  0%| F|  |TAMS 0x0000000084100000, 0x0000000084100000| Untracked 
|  32|0x0000000084200000, 0x0000000084200000, 0x0000000084300000|  0%| F|  |TAMS 0x0000000084200000, 0x0000000084200000| Untracked 
|  33|0x0000000084300000, 0x0000000084300000, 0x0000000084400000|  0%| F|  |TAMS 0x0000000084300000, 0x0000000084300000| Untracked 
|  34|0x0000000084400000, 0x0000000084400000, 0x0000000084500000|  0%| F|  |TAMS 0x0000000084400000, 0x0000000084400000| Untracked 
|  35|0x0000000084500000, 0x0000000084500000, 0x0000000084600000|  0%| F|  |TAMS 0x0000000084500000, 0x0000000084500000| Untracked 
|  36|0x0000000084600000, 0x0000000084600000, 0x0000000084700000|  0%| F|  |TAMS 0x0000000084600000, 0x0000000084600000| Untracked 
|  37|0x0000000084700000, 0x0000000084700000, 0x0000000084800000|  0%| F|  |TAMS 0x0000000084700000, 0x0000000084700000| Untracked 
|  38|0x0000000084800000, 0x0000000084800000, 0x0000000084900000|  0%| F|  |TAMS 0x0000000084800000, 0x0000000084800000| Untracked 
|  39|0x0000000084900000, 0x0000000084900000, 0x0000000084a00000|  0%| F|  |TAMS 0x0000000084900000, 0x0000000084900000| Untracked 
|  40|0x0000000084a00000, 0x0000000084a00000, 0x0000000084b00000|  0%| F|  |TAMS 0x0000000084a00000, 0x0000000084a00000| Untracked 
|  41|0x0000000084b00000, 0x0000000084b00000, 0x0000000084c00000|  0%| F|  |TAMS 0x0000000084b00000, 0x0000000084b00000| Untracked 
|  42|0x0000000084c00000, 0x0000000084c00000, 0x0000000084d00000|  0%| F|  |TAMS 0x0000000084c00000, 0x0000000084c00000| Untracked 
|  43|0x0000000084d00000, 0x0000000084d00000, 0x0000000084e00000|  0%| F|  |TAMS 0x0000000084d00000, 0x0000000084d00000| Untracked 
|  44|0x0000000084e00000, 0x0000000084e00000, 0x0000000084f00000|  0%| F|  |TAMS 0x0000000084e00000, 0x0000000084e00000| Untracked 
|  45|0x0000000084f00000, 0x0000000084f00000, 0x0000000085000000|  0%| F|  |TAMS 0x0000000084f00000, 0x0000000084f00000| Untracked 
|  46|0x0000000085000000, 0x0000000085000000, 0x0000000085100000|  0%| F|  |TAMS 0x0000000085000000, 0x0000000085000000| Untracked 
|  47|0x0000000085100000, 0x0000000085100000, 0x0000000085200000|  0%| F|  |TAMS 0x0000000085100000, 0x0000000085100000| Untracked 
|  48|0x0000000085200000, 0x0000000085200000, 0x0000000085300000|  0%| F|  |TAMS 0x0000000085200000, 0x0000000085200000| Untracked 
|  49|0x0000000085300000, 0x0000000085300000, 0x0000000085400000|  0%| F|  |TAMS 0x0000000085300000, 0x0000000085300000| Untracked 
|  50|0x0000000085400000, 0x0000000085400000, 0x0000000085500000|  0%| F|  |TAMS 0x0000000085400000, 0x0000000085400000| Untracked 
|  51|0x0000000085500000, 0x0000000085500000, 0x0000000085600000|  0%| F|  |TAMS 0x0000000085500000, 0x0000000085500000| Untracked 
|  52|0x0000000085600000, 0x0000000085600000, 0x0000000085700000|  0%| F|  |TAMS 0x0000000085600000, 0x0000000085600000| Untracked 
|  53|0x0000000085700000, 0x0000000085700000, 0x0000000085800000|  0%| F|  |TAMS 0x0000000085700000, 0x0000000085700000| Untracked 
|  54|0x0000000085800000, 0x0000000085800000, 0x0000000085900000|  0%| F|  |TAMS 0x0000000085800000, 0x0000000085800000| Untracked 
|  55|0x0000000085900000, 0x0000000085900000, 0x0000000085a00000|  0%| F|  |TAMS 0x0000000085900000, 0x0000000085900000| Untracked 
|  56|0x0000000085a00000, 0x0000000085a00000, 0x0000000085b00000|  0%| F|  |TAMS 0x0000000085a00000, 0x0000000085a00000| Untracked 
|  57|0x0000000085b00000, 0x0000000085b00000, 0x0000000085c00000|  0%| F|  |TAMS 0x0000000085b00000, 0x0000000085b00000| Untracked 
|  58|0x0000000085c00000, 0x0000000085c00000, 0x0000000085d00000|  0%| F|  |TAMS 0x0000000085c00000, 0x0000000085c00000| Untracked 
|  59|0x0000000085d00000, 0x0000000085d00000, 0x0000000085e00000|  0%| F|  |TAMS 0x0000000085d00000, 0x0000000085d00000| Untracked 
|  60|0x0000000085e00000, 0x0000000085e00000, 0x0000000085f00000|  0%| F|  |TAMS 0x0000000085e00000, 0x0000000085e00000| Untracked 
|  61|0x0000000085f00000, 0x0000000085f00000, 0x0000000086000000|  0%| F|  |TAMS 0x0000000085f00000, 0x0000000085f00000| Untracked 
|  62|0x0000000086000000, 0x0000000086000000, 0x0000000086100000|  0%| F|  |TAMS 0x0000000086000000, 0x0000000086000000| Untracked 
|  63|0x0000000086100000, 0x0000000086100000, 0x0000000086200000|  0%| F|  |TAMS 0x0000000086100000, 0x0000000086100000| Untracked 
|  64|0x0000000086200000, 0x0000000086200000, 0x0000000086300000|  0%| F|  |TAMS 0x0000000086200000, 0x0000000086200000| Untracked 
|  65|0x0000000086300000, 0x0000000086300000, 0x0000000086400000|  0%| F|  |TAMS 0x0000000086300000, 0x0000000086300000| Untracked 
|  66|0x0000000086400000, 0x0000000086400000, 0x0000000086500000|  0%| F|  |TAMS 0x0000000086400000, 0x0000000086400000| Untracked 
|  67|0x0000000086500000, 0x0000000086500000, 0x0000000086600000|  0%| F|  |TAMS 0x0000000086500000, 0x0000000086500000| Untracked 
|  68|0x0000000086600000, 0x0000000086600000, 0x0000000086700000|  0%| F|  |TAMS 0x0000000086600000, 0x0000000086600000| Untracked 
|  69|0x0000000086700000, 0x0000000086700000, 0x0000000086800000|  0%| F|  |TAMS 0x0000000086700000, 0x0000000086700000| Untracked 
|  70|0x0000000086800000, 0x0000000086800000, 0x0000000086900000|  0%| F|  |TAMS 0x0000000086800000, 0x0000000086800000| Untracked 
|  71|0x0000000086900000, 0x0000000086900000, 0x0000000086a00000|  0%| F|  |TAMS 0x0000000086900000, 0x0000000086900000| Untracked 
|  72|0x0000000086a00000, 0x0000000086a00000, 0x0000000086b00000|  0%| F|  |TAMS 0x0000000086a00000, 0x0000000086a00000| Untracked 
|  73|0x0000000086b00000, 0x0000000086b00000, 0x0000000086c00000|  0%| F|  |TAMS 0x0000000086b00000, 0x0000000086b00000| Untracked 
|  74|0x0000000086c00000, 0x0000000086c00000, 0x0000000086d00000|  0%| F|  |TAMS 0x0000000086c00000, 0x0000000086c00000| Untracked 
|  75|0x0000000086d00000, 0x0000000086d00000, 0x0000000086e00000|  0%| F|  |TAMS 0x0000000086d00000, 0x0000000086d00000| Untracked 
|  76|0x0000000086e00000, 0x0000000086e00000, 0x0000000086f00000|  0%| F|  |TAMS 0x0000000086e00000, 0x0000000086e00000| Untracked 
|  77|0x0000000086f00000, 0x0000000086f00000, 0x0000000087000000|  0%| F|  |TAMS 0x0000000086f00000, 0x0000000086f00000| Untracked 
|  78|0x0000000087000000, 0x0000000087000000, 0x0000000087100000|  0%| F|  |TAMS 0x0000000087000000, 0x0000000087000000| Untracked 
|  79|0x0000000087100000, 0x0000000087100000, 0x0000000087200000|  0%| F|  |TAMS 0x0000000087100000, 0x0000000087100000| Untracked 
|  80|0x0000000087200000, 0x0000000087200000, 0x0000000087300000|  0%| F|  |TAMS 0x0000000087200000, 0x0000000087200000| Untracked 
|  81|0x0000000087300000, 0x0000000087300000, 0x0000000087400000|  0%| F|  |TAMS 0x0000000087300000, 0x0000000087300000| Untracked 
|  82|0x0000000087400000, 0x0000000087400000, 0x0000000087500000|  0%| F|  |TAMS 0x0000000087400000, 0x0000000087400000| Untracked 
|  83|0x0000000087500000, 0x0000000087500000, 0x0000000087600000|  0%| F|  |TAMS 0x0000000087500000, 0x0000000087500000| Untracked 
|  84|0x0000000087600000, 0x0000000087600000, 0x0000000087700000|  0%| F|  |TAMS 0x0000000087600000, 0x0000000087600000| Untracked 
|  85|0x0000000087700000, 0x0000000087700000, 0x0000000087800000|  0%| F|  |TAMS 0x0000000087700000, 0x0000000087700000| Untracked 
|  86|0x0000000087800000, 0x0000000087800000, 0x0000000087900000|  0%| F|  |TAMS 0x0000000087800000, 0x0000000087800000| Untracked 
|  87|0x0000000087900000, 0x0000000087900000, 0x0000000087a00000|  0%| F|  |TAMS 0x0000000087900000, 0x0000000087900000| Untracked 
|  88|0x0000000087a00000, 0x0000000087a00000, 0x0000000087b00000|  0%| F|  |TAMS 0x0000000087a00000, 0x0000000087a00000| Untracked 
|  89|0x0000000087b00000, 0x0000000087b00000, 0x0000000087c00000|  0%| F|  |TAMS 0x0000000087b00000, 0x0000000087b00000| Untracked 
|  90|0x0000000087c00000, 0x0000000087c00000, 0x0000000087d00000|  0%| F|  |TAMS 0x0000000087c00000, 0x0000000087c00000| Untracked 
|  91|0x0000000087d00000, 0x0000000087d00000, 0x0000000087e00000|  0%| F|  |TAMS 0x0000000087d00000, 0x0000000087d00000| Untracked 
|  92|0x0000000087e00000, 0x0000000087e00000, 0x0000000087f00000|  0%| F|  |TAMS 0x0000000087e00000, 0x0000000087e00000| Untracked 
|  93|0x0000000087f00000, 0x0000000087f00000, 0x0000000088000000|  0%| F|  |TAMS 0x0000000087f00000, 0x0000000087f00000| Untracked 
|  94|0x0000000088000000, 0x0000000088000000, 0x0000000088100000|  0%| F|  |TAMS 0x0000000088000000, 0x0000000088000000| Untracked 
|  95|0x0000000088100000, 0x0000000088100000, 0x0000000088200000|  0%| F|  |TAMS 0x0000000088100000, 0x0000000088100000| Untracked 
|  96|0x0000000088200000, 0x0000000088200000, 0x0000000088300000|  0%| F|  |TAMS 0x0000000088200000, 0x0000000088200000| Untracked 
|  97|0x0000000088300000, 0x0000000088300000, 0x0000000088400000|  0%| F|  |TAMS 0x0000000088300000, 0x0000000088300000| Untracked 
|  98|0x0000000088400000, 0x0000000088400000, 0x0000000088500000|  0%| F|  |TAMS 0x0000000088400000, 0x0000000088400000| Untracked 
|  99|0x0000000088500000, 0x0000000088500000, 0x0000000088600000|  0%| F|  |TAMS 0x0000000088500000, 0x0000000088500000| Untracked 
| 100|0x0000000088600000, 0x0000000088600000, 0x0000000088700000|  0%| F|  |TAMS 0x0000000088600000, 0x0000000088600000| Untracked 
| 101|0x0000000088700000, 0x0000000088700000, 0x0000000088800000|  0%| F|  |TAMS 0x0000000088700000, 0x0000000088700000| Untracked 
| 102|0x0000000088800000, 0x0000000088800000, 0x0000000088900000|  0%| F|  |TAMS 0x0000000088800000, 0x0000000088800000| Untracked 
| 103|0x0000000088900000, 0x0000000088900000, 0x0000000088a00000|  0%| F|  |TAMS 0x0000000088900000, 0x0000000088900000| Untracked 
| 104|0x0000000088a00000, 0x0000000088a00000, 0x0000000088b00000|  0%| F|  |TAMS 0x0000000088a00000, 0x0000000088a00000| Untracked 
| 105|0x0000000088b00000, 0x0000000088b00000, 0x0000000088c00000|  0%| F|  |TAMS 0x0000000088b00000, 0x0000000088b00000| Untracked 
| 106|0x0000000088c00000, 0x0000000088c00000, 0x0000000088d00000|  0%| F|  |TAMS 0x0000000088c00000, 0x0000000088c00000| Untracked 
| 107|0x0000000088d00000, 0x0000000088d00000, 0x0000000088e00000|  0%| F|  |TAMS 0x0000000088d00000, 0x0000000088d00000| Untracked 
| 108|0x0000000088e00000, 0x0000000088e00000, 0x0000000088f00000|  0%| F|  |TAMS 0x0000000088e00000, 0x0000000088e00000| Untracked 
| 109|0x0000000088f00000, 0x0000000088f00000, 0x0000000089000000|  0%| F|  |TAMS 0x0000000088f00000, 0x0000000088f00000| Untracked 
| 110|0x0000000089000000, 0x0000000089100000, 0x0000000089100000|100%| S|CS|TAMS 0x0000000089000000, 0x0000000089000000| Complete 
| 111|0x0000000089100000, 0x0000000089200000, 0x0000000089200000|100%| S|CS|TAMS 0x0000000089100000, 0x0000000089100000| Complete 
| 112|0x0000000089200000, 0x0000000089200000, 0x0000000089300000|  0%| F|  |TAMS 0x0000000089200000, 0x0000000089200000| Untracked 
| 113|0x0000000089300000, 0x0000000089300000, 0x0000000089400000|  0%| F|  |TAMS 0x0000000089300000, 0x0000000089300000| Untracked 
| 114|0x0000000089400000, 0x0000000089400000, 0x0000000089500000|  0%| F|  |TAMS 0x0000000089400000, 0x0000000089400000| Untracked 
| 115|0x0000000089500000, 0x0000000089500000, 0x0000000089600000|  0%| F|  |TAMS 0x0000000089500000, 0x0000000089500000| Untracked 
| 116|0x0000000089600000, 0x0000000089600000, 0x0000000089700000|  0%| F|  |TAMS 0x0000000089600000, 0x0000000089600000| Untracked 
| 117|0x0000000089700000, 0x0000000089700000, 0x0000000089800000|  0%| F|  |TAMS 0x0000000089700000, 0x0000000089700000| Untracked 
| 118|0x0000000089800000, 0x0000000089800000, 0x0000000089900000|  0%| F|  |TAMS 0x0000000089800000, 0x0000000089800000| Untracked 
| 119|0x0000000089900000, 0x0000000089900000, 0x0000000089a00000|  0%| F|  |TAMS 0x0000000089900000, 0x0000000089900000| Untracked 
| 120|0x0000000089a00000, 0x0000000089a00000, 0x0000000089b00000|  0%| F|  |TAMS 0x0000000089a00000, 0x0000000089a00000| Untracked 
| 121|0x0000000089b00000, 0x0000000089b80800, 0x0000000089c00000| 50%| E|  |TAMS 0x0000000089b00000, 0x0000000089b00000| Complete 
| 122|0x0000000089c00000, 0x0000000089d00000, 0x0000000089d00000|100%| E|CS|TAMS 0x0000000089c00000, 0x0000000089c00000| Complete 
| 123|0x0000000089d00000, 0x0000000089e00000, 0x0000000089e00000|100%| E|CS|TAMS 0x0000000089d00000, 0x0000000089d00000| Complete 
| 124|0x0000000089e00000, 0x0000000089f00000, 0x0000000089f00000|100%| E|CS|TAMS 0x0000000089e00000, 0x0000000089e00000| Complete 
| 125|0x0000000089f00000, 0x000000008a000000, 0x000000008a000000|100%| E|CS|TAMS 0x0000000089f00000, 0x0000000089f00000| Complete 

Card table byte_map: [0x0000007f6f030000,0x0000007f6f420000] _byte_map_base: 0x0000007f6ec1f000

Marking Bits (Prev, Next): (CMBitMap*) 0x0000007f577a9d28, (CMBitMap*) 0x0000007f577a9d68
 Prev Bits: [0x0000007f6f810000, 0x0000007f71788000)
 Next Bits: [0x0000007f71790000, 0x0000007f73708000)

Polling page: 0x0000007f555e0000

Metaspace:

Usage:
  Non-class:      6.53 MB capacity,     5.90 MB ( 90%) used,   623.19 KB (  9%) free+waste,    14.50 KB ( <1%) overhead. 
      Class:    819.00 KB capacity,   740.59 KB ( 90%) used,    70.91 KB (  9%) free+waste,     7.50 KB ( <1%) overhead. 
       Both:      7.33 MB capacity,     6.63 MB ( 90%) used,   694.10 KB (  9%) free+waste,    22.00 KB ( <1%) overhead. 

Virtual space:
  Non-class space:        8.00 MB reserved,       6.75 MB ( 84%) committed 
      Class space:        1.00 GB reserved,     896.00 KB ( <1%) committed 
             Both:        1.01 GB reserved,       7.63 MB ( <1%) committed 

Chunk freelists:
   Non-Class:  38.00 KB
       Class:  13.00 KB
        Both:  51.00 KB

MaxMetaspaceSize: 17179869184.00 GB
CompressedClassSpaceSize: 1.00 GB

CodeHeap 'non-profiled nmethods': size=120064Kb used=370Kb max_used=370Kb free=119693Kb
 bounds [0x0000007f67700000, 0x0000007f67970000, 0x0000007f6ec40000]
CodeHeap 'profiled nmethods': size=120000Kb used=1914Kb max_used=1914Kb free=118085Kb
 bounds [0x0000007f601d0000, 0x0000007f60440000, 0x0000007f67700000]
CodeHeap 'non-nmethods': size=5696Kb used=1275Kb max_used=1295Kb free=4420Kb
 bounds [0x0000007f5fc40000, 0x0000007f5feb0000, 0x0000007f601d0000]
 total_blobs=1920 nmethods=994 adapters=361
 compilation: enabled
              stopped_count=0, restarted_count=0
 full_count=0

Compilation events (20 events):
Event: 2.987 Thread 0x0000007f76b7b000  987   !   3       java.util.zip.ZipFile$CleanableResource::getInflater (47 bytes)
Event: 2.990 Thread 0x0000007f76b7b000 nmethod 987 0x0000007f603a8690 code [0x0000007f603a8900, 0x0000007f603a9650]
Event: 2.990 Thread 0x0000007f76b7b000  988       3       java.util.zip.ZipFile$ZipFileInflaterInputStream::<init> (41 bytes)
Event: 2.992 Thread 0x0000007f76b7b000 nmethod 988 0x0000007f603a9a90 code [0x0000007f603a9ca0, 0x0000007f603aa480]
Event: 2.992 Thread 0x0000007f76b7b000  991       3       java.util.zip.ZipEntry::<init> (74 bytes)
Event: 2.993 Thread 0x0000007f76b6d000 nmethod 963 0x0000007f67757a10 code [0x0000007f67757ba0, 0x0000007f67757db8]
Event: 2.993 Thread 0x0000007f76b6d000  989       4       java.lang.String::checkBoundsBeginEnd (63 bytes)
Event: 2.994 Thread 0x0000007f76b7b000 nmethod 991 0x0000007f603aa790 code [0x0000007f603aa9a0, 0x0000007f603aafe0]
Event: 2.994 Thread 0x0000007f76b7b000  992   !   3       java.util.zip.ZipFile$ZipFileInflaterInputStream::close (67 bytes)
Event: 2.995 Thread 0x0000007f76b6d000 nmethod 989 0x0000007f67757e90 code [0x0000007f67758020, 0x0000007f677580b8]
Event: 2.995 Thread 0x0000007f76b6d000  993       4       sun.net.www.ParseUtil::firstEncodeIndex (86 bytes)
Event: 2.996 Thread 0x0000007f76b7b000 nmethod 992 0x0000007f603ab210 code [0x0000007f603ab420, 0x0000007f603abbc0]
Event: 2.996 Thread 0x0000007f76b7b000  990   !   3       jdk.internal.loader.BuiltinClassLoader::findClassOnClassPathOrNull (64 bytes)
Event: 3.003 Thread 0x0000007f76b7b000 nmethod 990 0x0000007f603abf10 code [0x0000007f603ac2a0, 0x0000007f603ad830]
Event: 3.003 Thread 0x0000007f76b7b000  986       1       sun.reflect.generics.visitor.Reifier::getFactory (5 bytes)
Event: 3.004 Thread 0x0000007f76b7b000 nmethod 986 0x0000007f67758190 code [0x0000007f67758320, 0x0000007f67758458]
Event: 3.007 Thread 0x0000007f76b7b000  994       3       java.io.File::exists (43 bytes)
Event: 3.009 Thread 0x0000007f76b7b000 nmethod 994 0x0000007f603ae090 code [0x0000007f603ae280, 0x0000007f603ae750]
Event: 3.012 Thread 0x0000007f76b6d000 nmethod 993 0x0000007f67758510 code [0x0000007f677586c0, 0x0000007f677589a8]
Event: 3.171 Thread 0x0000007f7826b000 nmethod 956 0x0000007f67758c10 code [0x0000007f67759040, 0x0000007f6775b368]

GC Heap History (2 events):
Event: 2.532 GC heap before
{Heap before GC invocations=0 (full 0):
 garbage-first heap   total 129024K, used 14336K [0x0000000082200000, 0x0000000100000000)
  region size 1024K, 14 young (14336K), 0 survivors (0K)
 Metaspace       used 5733K, capacity 6660K, committed 6912K, reserved 1056768K
  class space    used 624K, capacity 688K, committed 768K, reserved 1048576K
}
Event: 2.548 GC heap after
{Heap after GC invocations=1 (full 0):
 garbage-first heap   total 129024K, used 5157K [0x0000000082200000, 0x0000000100000000)
  region size 1024K, 2 young (2048K), 2 survivors (2048K)
 Metaspace       used 5733K, capacity 6660K, committed 6912K, reserved 1056768K
  class space    used 624K, capacity 688K, committed 768K, reserved 1048576K
}

Deoptimization events (14 events):
Event: 0.431 Thread 0x0000007f57766800 Uncommon trap: trap_request=0xffffff45 fr.pc=0x0000007f67704678 relative=0x00000000000001d8
Event: 0.431 Thread 0x0000007f57766800 Uncommon trap: reason=unstable_if action=reinterpret pc=0x0000007f67704678 method=java.lang.String.hashCode()I @ 42 c2
Event: 0.431 Thread 0x0000007f57766800 DEOPT PACKING pc=0x0000007f67704678 sp=0x0000007f56f0e460
Event: 0.431 Thread 0x0000007f57766800 DEOPT UNPACKING pc=0x0000007f5fc8912f sp=0x0000007f56f0e3f8 mode 2
Event: 0.545 Thread 0x0000007f57766800 DEOPT PACKING pc=0x0000007f601f3b0e sp=0x0000007f56f09fb0
Event: 0.545 Thread 0x0000007f57766800 DEOPT UNPACKING pc=0x0000007f5fc8964e sp=0x0000007f56f09450 mode 0
Event: 0.795 Thread 0x0000007f57766800 DEOPT PACKING pc=0x0000007f602213f2 sp=0x0000007f56f0dca0
Event: 0.795 Thread 0x0000007f57766800 DEOPT UNPACKING pc=0x0000007f5fc8964e sp=0x0000007f56f0d128 mode 0
Event: 0.805 Thread 0x0000007f57766800 DEOPT PACKING pc=0x0000007f601fed50 sp=0x0000007f56f0dd80
Event: 0.805 Thread 0x0000007f57766800 DEOPT UNPACKING pc=0x0000007f5fc8964e sp=0x0000007f56f0d208 mode 0
Event: 1.960 Thread 0x0000007f57766800 DEOPT PACKING pc=0x0000007f602e012c sp=0x0000007f56f0ec00
Event: 1.961 Thread 0x0000007f57766800 DEOPT UNPACKING pc=0x0000007f5fc8964e sp=0x0000007f56f0e0d0 mode 1
Event: 1.990 Thread 0x0000007f57766800 DEOPT PACKING pc=0x0000007f602278f3 sp=0x0000007f56f0e2e0
Event: 1.991 Thread 0x0000007f57766800 DEOPT UNPACKING pc=0x0000007f5fc8964e sp=0x0000007f56f0d740 mode 0

Classes unloaded (0 events):
No events

Classes redefined (3 events):
Event: 22.082 Thread 0x0000007f75f47800 redefined class name=page.tests.HomePageNG, count=1
Event: 57.518 Thread 0x0000007f75f47800 redefined class name=page.tests.HomePageNG, count=2
Event: 84.079 Thread 0x0000007f75f47800 redefined class name=page.tests.HomePageNG, count=3

Internal exceptions (7 events):
Event: 1.218 Thread 0x0000007f57766800 Exception <a 'java/lang/NoSuchMethodError'{0x00000000899a3bc0}: 'int java.lang.invoke.DirectMethodHandle$Holder.invokeStaticInit(java.lang.Object, java.lang.Object)'> (0x00000000899a3bc0) 
thrown [t:/workspace/open/src/hotspot/share/interpreter/linkResolver.cpp, line 767]
Event: 1.741 Thread 0x0000007f57766800 Exception <a 'java/lang/NoSuchMethodError'{0x000000008960b1c0}: 'java.lang.Object java.lang.invoke.DirectMethodHandle$Holder.invokeStaticInit(java.lang.Object, int, int, int, int)'> (0x000000008960b1c0) 
thrown [t:/workspace/open/src/hotspot/share/interpreter/linkResolver.cpp, line 767]
Event: 1.927 Thread 0x0000007f57766800 Exception <a 'java/lang/NoSuchMethodError'{0x00000000896681e0}: 'java.lang.Object java.lang.invoke.DirectMethodHandle$Holder.invokeStaticInit(java.lang.Object, java.lang.Object, int, int, int, int)'> (0x00000000896681e0) 
thrown [t:/workspace/open/src/hotspot/share/interpreter/linkResolver.cpp, line 767]
Event: 2.259 Thread 0x0000007f57766800 Exception <a 'java/lang/NoSuchMethodError'{0x000000008932b3c0}: 'int java.lang.invoke.DirectMethodHandle$Holder.invokeVirtual(java.lang.Object, java.lang.Object)'> (0x000000008932b3c0) 
thrown [t:/workspace/open/src/hotspot/share/interpreter/linkResolver.cpp, line 767]
Event: 2.321 Thread 0x0000007f57766800 Exception <a 'java/lang/NoSuchMethodError'{0x00000000893b64c0}: 'int java.lang.invoke.DirectMethodHandle$Holder.invokeStaticInit(java.lang.Object, java.lang.Object, java.lang.Object)'> (0x00000000893b64c0) 
thrown [t:/workspace/open/src/hotspot/share/interpreter/linkResolver.cpp, line 767]
Event: 2.525 Thread 0x0000007f57766800 Exception <a 'java/lang/NoSuchMethodError'{0x00000000892f52a0}: 'java.lang.Object java.lang.invoke.Invokers$Holder.linkToTargetMethod(java.lang.Object, java.lang.Object, java.lang.Object, java.lang.Object, java.lang.Object, java.lang.Object, java.lang.Object)'> (0x00000000892f52a0) 
thrown [t:/workspace/open/src/hotspot/share/interpreter/linkResolver.cpp, line 767]
Event: 2.842 Thread 0x0000007f57766800 Exception <a 'java/lang/NoSuchMethodError'{0x0000000089d72ff0}: 'void java.lang.invoke.DirectMethodHandle$Holder.invokeInterface(java.lang.Object, java.lang.Object)'> (0x0000000089d72ff0) 
thrown [t:/workspace/open/src/hotspot/share/interpreter/linkResolver.cpp, line 767]

Events (20 events):
Event: 84.071 Executing VM operation: RedefineClasses
Event: 84.090 Executing VM operation: RedefineClasses done
Event: 84.113 Executing VM operation: ChangeBreakpoints
Event: 84.115 Executing VM operation: ChangeBreakpoints done
Event: 84.147 Executing VM operation: ChangeBreakpoints
Event: 84.149 Executing VM operation: ChangeBreakpoints done
Event: 84.176 Executing VM operation: ChangeBreakpoints
Event: 84.177 Executing VM operation: ChangeBreakpoints done
Event: 84.184 Executing VM operation: GetFrameCount
Event: 84.184 Executing VM operation: GetFrameCount done
Event: 84.184 Executing VM operation: GetStackTrace
Event: 84.185 Executing VM operation: GetStackTrace done
Event: 84.446 Executing VM operation: GetFrameCount
Event: 84.446 Executing VM operation: GetFrameCount done
Event: 84.447 Executing VM operation: GetOwnedMonitorInfo
Event: 84.447 Executing VM operation: GetOwnedMonitorInfo done
Event: 84.447 Executing VM operation: GetCurrentContendedMonitor
Event: 84.447 Executing VM operation: GetCurrentContendedMonitor done
Event: 84.516 Executing VM operation: GetFrameLocation
Event: 84.516 Executing VM operation: GetFrameLocation done


Dynamic libraries:
0x00007ff7f6bf0000 - 0x00007ff7f6bff000 	C:\Program Files\Java\jdk-13.0.1\bin\javaw.exe
0x00007ffffd4b0000 - 0x00007ffffd65d000 	C:\WINDOWS\SYSTEM32\ntdll.dll
0x00007ffffbc60000 - 0x00007ffffbd9f000 	C:\WINDOWS\system32\KERNEL32.DLL
0x00007ffffaa20000 - 0x00007ffffab36000 	C:\WINDOWS\system32\KERNELBASE.dll
0x00007fffe4d20000 - 0x00007fffe4d38000 	C:\Program Files\Java\jdk-13.0.1\bin\jli.dll
0x00007fffe3430000 - 0x00007fffe3445000 	C:\Program Files\Java\jdk-13.0.1\bin\VCRUNTIME140.dll
0x00007ffff5ea0000 - 0x00007ffff5ea4000 	C:\Program Files\Java\jdk-13.0.1\bin\api-ms-win-crt-stdio-l1-1-0.dll
0x00007fffee460000 - 0x00007fffee464000 	C:\Program Files\Java\jdk-13.0.1\bin\api-ms-win-crt-runtime-l1-1-0.dll
0x00007fffecff0000 - 0x00007fffecff3000 	C:\Program Files\Java\jdk-13.0.1\bin\api-ms-win-crt-environment-l1-1-0.dll
0x00007fffec7f0000 - 0x00007fffec7f5000 	C:\Program Files\Java\jdk-13.0.1\bin\api-ms-win-crt-math-l1-1-0.dll
0x00007fffec7c0000 - 0x00007fffec7c3000 	C:\Program Files\Java\jdk-13.0.1\bin\api-ms-win-crt-locale-l1-1-0.dll
0x00007fffe4d60000 - 0x00007fffe4d63000 	C:\Program Files\Java\jdk-13.0.1\bin\api-ms-win-crt-heap-l1-1-0.dll
0x00007ffffb5e0000 - 0x00007ffffb68a000 	C:\WINDOWS\system32\ADVAPI32.dll
0x00007ffff6fc0000 - 0x00007ffff723b000 	C:\WINDOWS\WinSxS\amd64_microsoft.windows.common-controls_6595b64144ccf1df_6.0.9600.19394_none_62486577ecb635cf\COMCTL32.dll
0x00007ffffb2c0000 - 0x00007ffffb437000 	C:\WINDOWS\system32\USER32.dll
0x00007ffff2e70000 - 0x00007ffff2e7a000 	C:\WINDOWS\SYSTEM32\VERSION.dll
0x00007fffe4d10000 - 0x00007fffe4d13000 	C:\Program Files\Java\jdk-13.0.1\bin\api-ms-win-crt-filesystem-l1-1-0.dll
0x00007fffe4840000 - 0x00007fffe4844000 	C:\Program Files\Java\jdk-13.0.1\bin\api-ms-win-crt-string-l1-1-0.dll
0x00007fffe3420000 - 0x00007fffe3424000 	C:\Program Files\Java\jdk-13.0.1\bin\api-ms-win-crt-convert-l1-1-0.dll
0x00007ffffbda0000 - 0x00007ffffbe4a000 	C:\WINDOWS\system32\msvcrt.dll
0x00007ffffd440000 - 0x00007ffffd499000 	C:\WINDOWS\SYSTEM32\sechost.dll
0x00007ffffb4a0000 - 0x00007ffffb5e0000 	C:\WINDOWS\system32\RPCRT4.dll
0x00007ffffb6a0000 - 0x00007ffffb7ec000 	C:\WINDOWS\system32\GDI32.dll
0x00007fffe2ed0000 - 0x00007fffe2fcc000 	C:\Program Files\Java\jdk-13.0.1\bin\ucrtbase.DLL
0x00007ffffa6b0000 - 0x00007ffffa6de000 	C:\WINDOWS\system32\SspiCli.dll
0x00007ffffb970000 - 0x00007ffffb9a6000 	C:\WINDOWS\system32\IMM32.DLL
0x00007ffffb7f0000 - 0x00007ffffb942000 	C:\WINDOWS\system32\MSCTF.dll
0x00007fffdf190000 - 0x00007fffdf22b000 	C:\Program Files\Java\jdk-13.0.1\bin\msvcp140.dll
0x00007fffe3410000 - 0x00007fffe3413000 	C:\Program Files\Java\jdk-13.0.1\bin\api-ms-win-crt-time-l1-1-0.dll
0x00007fffe2ec0000 - 0x00007fffe2ec3000 	C:\Program Files\Java\jdk-13.0.1\bin\api-ms-win-crt-utility-l1-1-0.dll
0x00007fffcb480000 - 0x00007fffcbfe6000 	C:\Program Files\Java\jdk-13.0.1\bin\server\jvm.dll
0x00007ffff2e60000 - 0x00007ffff2e69000 	C:\WINDOWS\SYSTEM32\WSOCK32.dll
0x00007ffff37f0000 - 0x00007ffff3812000 	C:\WINDOWS\SYSTEM32\WINMM.dll
0x00007ffffb690000 - 0x00007ffffb697000 	C:\WINDOWS\system32\PSAPI.DLL
0x00007ffffaf70000 - 0x00007ffffafca000 	C:\WINDOWS\system32\WS2_32.dll
0x00007ffff37c0000 - 0x00007ffff37ea000 	C:\WINDOWS\SYSTEM32\WINMMBASE.dll
0x00007ffffaea0000 - 0x00007ffffaea9000 	C:\WINDOWS\system32\NSI.dll
0x00007ffffa9d0000 - 0x00007ffffaa1f000 	C:\WINDOWS\SYSTEM32\cfgmgr32.dll
0x00007ffff94e0000 - 0x00007ffff9508000 	C:\WINDOWS\SYSTEM32\DEVOBJ.dll
0x00007fffe19b0000 - 0x00007fffe19c0000 	C:\Program Files\Java\jdk-13.0.1\bin\verify.dll
0x00007fffd55d0000 - 0x00007fffd5759000 	C:\WINDOWS\SYSTEM32\DBGHELP.DLL
0x00007fffe0b60000 - 0x00007fffe0b86000 	C:\Program Files\Java\jdk-13.0.1\bin\java.dll
0x00007fffdf150000 - 0x00007fffdf188000 	C:\Program Files\Java\jdk-13.0.1\bin\jdwp.dll
0x00007fffe0b40000 - 0x00007fffe0b57000 	C:\Program Files\Java\jdk-13.0.1\bin\zip.dll
0x00007fffe0b30000 - 0x00007fffe0b3a000 	C:\Program Files\Java\jdk-13.0.1\bin\jimage.dll
0x00007ffffbf10000 - 0x00007ffffd43b000 	C:\WINDOWS\system32\SHELL32.dll
0x00007ffffb0b0000 - 0x00007ffffb2c0000 	C:\WINDOWS\SYSTEM32\combase.dll
0x00007ffffb440000 - 0x00007ffffb494000 	C:\WINDOWS\system32\SHLWAPI.dll
0x00007ffff7440000 - 0x00007ffff74f2000 	C:\WINDOWS\SYSTEM32\SHCORE.dll
0x00007ffffa5e0000 - 0x00007ffffa5f5000 	C:\WINDOWS\SYSTEM32\profapi.dll
0x00007fffe2eb0000 - 0x00007fffe2ebb000 	C:\Program Files\Java\jdk-13.0.1\bin\dt_socket.dll
0x00007ffff9e10000 - 0x00007ffff9e69000 	C:\WINDOWS\system32\mswsock.dll
0x00007ffff9c10000 - 0x00007ffff9cb4000 	C:\WINDOWS\SYSTEM32\DNSAPI.dll
0x00007fffef5b0000 - 0x00007fffef5ba000 	C:\Windows\System32\rasadhlp.dll
0x00007ffff5ad0000 - 0x00007ffff5b3b000 	C:\WINDOWS\System32\fwpuclnt.dll
0x00007fffdeac0000 - 0x00007fffdead9000 	C:\Program Files\Java\jdk-13.0.1\bin\net.dll
0x00007ffff25f0000 - 0x00007ffff26b9000 	C:\WINDOWS\SYSTEM32\WINHTTP.dll
0x00007fffdeaa0000 - 0x00007fffdeab3000 	C:\Program Files\Java\jdk-13.0.1\bin\nio.dll
0x00007ffff9e70000 - 0x00007ffff9e90000 	C:\WINDOWS\SYSTEM32\CRYPTSP.dll
0x00007ffff9a90000 - 0x00007ffff9ac6000 	C:\WINDOWS\system32\rsaenh.dll
0x00007ffffa0c0000 - 0x00007ffffa0e6000 	C:\WINDOWS\SYSTEM32\bcrypt.dll
0x00007ffff9ba0000 - 0x00007ffff9bc1000 	C:\WINDOWS\SYSTEM32\USERENV.dll
0x00007ffffa3e0000 - 0x00007ffffa443000 	C:\WINDOWS\system32\bcryptprimitives.dll
0x00007ffffa450000 - 0x00007ffffa45b000 	C:\WINDOWS\SYSTEM32\CRYPTBASE.dll
0x00007ffff5bb0000 - 0x00007ffff5bda000 	C:\WINDOWS\SYSTEM32\IPHLPAPI.DLL
0x00007ffff5b90000 - 0x00007ffff5b9a000 	C:\WINDOWS\SYSTEM32\WINNSI.DLL
0x00007ffff5aa0000 - 0x00007ffff5ab6000 	C:\WINDOWS\SYSTEM32\dhcpcsvc6.DLL
0x00007ffff5a80000 - 0x00007ffff5a9a000 	C:\WINDOWS\SYSTEM32\dhcpcsvc.DLL

dbghelp: loaded successfully - version: 4.0.5 - missing functions: none
symbol engine: initialized successfully - sym options: 0x614 - pdb path: .;C:\Program Files\Java\jdk-13.0.1\bin;C:\WINDOWS\SYSTEM32;C:\WINDOWS\WinSxS\amd64_microsoft.windows.common-controls_6595b64144ccf1df_6.0.9600.19394_none_62486577ecb635cf;C:\Program Files\Java\jdk-13.0.1\bin\server

VM Arguments:
jvm_args: -agentlib:jdwp=transport=dt_socket,suspend=y,address=localhost:50189 -ea -Dfile.encoding=Cp1252 
java_command: org.testng.remote.RemoteTestNG -serport 50188 -protocol json -d D:\QA Kurs\radoviEclipse\ITBootCampProjekat\test-output C:\Users\Irena\AppData\Local\Temp\testng-eclipse--1913812608\testng-customsuite.xml
java_class_path (initial): C:\Users\Irena\eclipse\java-2019-09\eclipse\configuration\org.eclipse.osgi\488\0\.cp\lib\testng-remote.jar;D:\QA Kurs\radoviEclipse\ITBootCampProjekat\bin;D:\QA Kurs\ApachePoi\commons-codec-1.13.jar;D:\QA Kurs\ApachePoi\commons-collections4-4.4.jar;D:\QA Kurs\ApachePoi\commons-logging-1.2.jar;D:\QA Kurs\ApachePoi\commons-math3-3.6.1.jar;D:\QA Kurs\ApachePoi\curvesapi-1.06.jar;D:\QA Kurs\ApachePoi\jaxb-api-2.3.1.jar;D:\QA Kurs\ApachePoi\jaxb-core-2.3.0.1.jar;D:\QA Kurs\ApachePoi\jaxb-impl-2.3.2.jar;D:\QA Kurs\ApachePoi\junit-4.12.jar;D:\QA Kurs\ApachePoi\log4j-1.2.17.jar;D:\QA Kurs\ApachePoi\poi-4.1.1.jar;D:\QA Kurs\ApachePoi\poi-examples-4.1.1.jar;D:\QA Kurs\ApachePoi\poi-excelant-4.1.1.jar;D:\QA Kurs\ApachePoi\poi-ooxml-4.1.1.jar;D:\QA Kurs\ApachePoi\poi-ooxml-schemas-4.1.1.jar;D:\QA Kurs\ApachePoi\poi-scratchpad-4.1.1.jar;D:\QA Kurs\ApachePoi\xmlbeans-3.1.0.jar;D:\selenium\selenium-java-3.141.59\client-combined-3.141.59.jar;D:\selenium\selenium-java-3.141.59\client-combined-3.141.59-sources.jar;D:\selenium\selenium-java-3.141.59\libs\byte-buddy-1.8.15.jar;D:\selenium\selenium-java-3.141.59\libs\commons-exec-1.3.jar;D:\selenium\selenium-java-3.141.59\libs\guava-25.0-jre.jar;D:\selenium\selenium-java-3.141.59\libs\okhttp-3.11.0.jar;D:\selenium\selenium-java-3.141.59\libs\okio-1.14.0.jar;C:\Users\Irena\.p2\pool\plugins\org.testng_7.0.0.r201908191551.jar;C:\Users\Irena\.p2\pool\plugins\com.beust.jcommander_1.72.0.jar;C:\Users\Irena\.p2\pool\plugins\org.apache-extras.beanshell.bsh_2.0.0.b6.jar;C:\Users\Irena\.p2\pool\plugins\org.yaml.snakeyaml_1.21.0.jar
Launcher Type: SUN_STANDARD

[Global flags]
     intx CICompilerCount                          = 3                                         {product} {ergonomic}
     uint ConcGCThreads                            = 1                                         {product} {ergonomic}
     uint G1ConcRefinementThreads                  = 4                                         {product} {ergonomic}
   size_t G1HeapRegionSize                         = 1048576                                   {product} {ergonomic}
    uintx GCDrainStackTargetSize                   = 64                                        {product} {ergonomic}
   size_t InitialHeapSize                          = 132120576                                 {product} {ergonomic}
   size_t MarkStackSize                            = 4194304                                   {product} {ergonomic}
   size_t MaxHeapSize                              = 2111832064                                {product} {ergonomic}
   size_t MaxNewSize                               = 1266679808                                {product} {ergonomic}
   size_t MinHeapDeltaBytes                        = 1048576                                   {product} {ergonomic}
   size_t MinHeapSize                              = 8388608                                   {product} {ergonomic}
    uintx NonNMethodCodeHeapSize                   = 5830732                                {pd product} {ergonomic}
    uintx NonProfiledCodeHeapSize                  = 122913754                              {pd product} {ergonomic}
    uintx ProfiledCodeHeapSize                     = 122913754                              {pd product} {ergonomic}
    uintx ReservedCodeCacheSize                    = 251658240                              {pd product} {ergonomic}
     bool SegmentedCodeCache                       = true                                      {product} {ergonomic}
   size_t SoftMaxHeapSize                          = 2111832064                             {manageable} {ergonomic}
     bool UseCompressedClassPointers               = true                                 {lp64_product} {ergonomic}
     bool UseCompressedOops                        = true                                 {lp64_product} {ergonomic}
     bool UseG1GC                                  = true                                      {product} {ergonomic}
     bool UseLargePagesIndividualAllocation        = false                                  {pd product} {ergonomic}

Logging:
Log output configuration:
 #0: stdout all=warning uptime,level,tags
 #1: stderr all=off uptime,level,tags

Environment Variables:
PATH=C:/Program Files/Java/jdk-13.0.1/bin/server;C:/Program Files/Java/jdk-13.0.1/bin;C:\Program Files (x86)\Common Files\Oracle\Java\javapath;C:\Program Files (x86)\Intel\iCLS Client\;C:\Program Files\Intel\iCLS Client\;C:\WINDOWS\system32;C:\WINDOWS;C:\WINDOWS\System32\Wbem;C:\WINDOWS\System32\WindowsPowerShell\v1.0\;C:\Program Files\Intel\Intel(R) Management Engine Components\DAL;C:\Program Files\Intel\Intel(R) Management Engine Components\IPT;C:\Program Files (x86)\Intel\Intel(R) Management Engine Components\DAL;C:\Program Files (x86)\Intel\Intel(R) Management Engine Components\IPT;C:\Program Files (x86)\Intel\OpenCL SDK\2.0\bin\x86;C:\Program Files (x86)\Intel\OpenCL SDK\2.0\bin\x64;C:\Program Files\Diskeeper Corporation\ExpressCache\;C:\Program Files\Intel\WiFi\bin\;C:\Program Files\Common Files\Intel\WirelessCommon\;C:\Program Files\Microsoft SQL Server\Client SDK\ODBC\130\Tools\Binn\;C:\Program Files (x86)\Microsoft SQL Server\140\Tools\Binn\;C:\Program Files\Microsoft SQL Server\140\Tools\Binn\;C:\Program Files\Microsoft SQL Server\140\DTS\Binn\;C:\Program Files\dotnet\;C:\Program Files\Microsoft SQL Server\130\Tools\Binn\;C:\Program Files (x86)\Common Files\Autodesk Shared\;C:\PROGRA~2\COMMON~1\AUTODE~1\GIS\IMPORT~1\1.0;C:\Program Files\Git\cmd;C:\WINDOWS\System32;
USERNAME=Irena
OS=Windows_NT
PROCESSOR_IDENTIFIER=Intel64 Family 6 Model 58 Stepping 9, GenuineIntel



---------------  S Y S T E M  ---------------

OS: Windows 8.1 , 64 bit Build 9600 (6.3.9600.19538)

CPU:total 4 (initial active 4) (2 cores per cpu, 2 threads per core) family 6 model 58 stepping 9, cmov, cx8, fxsr, mmx, sse, sse2, sse3, ssse3, sse4.1, sse4.2, popcnt, avx, clmul, erms, ht, tsc, tscinvbit, tscinv

Memory: 4k page, system-wide physical 8051M (1061M free)
TotalPageFile size 11635M (AvailPageFile size 2377M)
current process WorkingSet (physical memory assigned to process): 63M, peak: 72M
current process commit charge ("private bytes"): 211M, peak: 220M

vm_info: Java HotSpot(TM) 64-Bit Server VM (13.0.1+9) for windows-amd64 JRE (13.0.1+9), built on Oct  6 2019 12:37:49 by "mach5one" with unknown MS VC++:1916

END.
